<?xml version="1.0" encoding="UTF-8"?>
<!-- Generated by org.testng.reporters.JUnitXMLReporter -->
<testsuite ignored="8" hostname="LAPTOP-QKCURUKN" failures="0" tests="1" name="Default test" time="28.646" errors="0" timestamp="2024-04-03T19:45:42 IST">
  <testcase classname="com.quantum.Homepage" name="CheckforContactInformation" time="28.555"/>
  <testcase classname="com.quantum.Homepage" name="VerifySearchFunctionality" time="0.0">
    <ignored/>
  </testcase> <!-- VerifySearchFunctionality -->
  <testcase classname="com.quantum.Homepage" name="CheckforSocialMediaLinks" time="0.0">
    <ignored/>
  </testcase> <!-- CheckforSocialMediaLinks -->
  <testcase classname="com.quantum.Homepage" name="setUp" time="0.0">
    <ignored/>
  </testcase> <!-- setUp -->
  <testcase classname="com.quantum.Homepage" name="VerifyHomepageLoadsSuccessfully" time="0.0">
    <ignored/>
  </testcase> <!-- VerifyHomepageLoadsSuccessfully -->
  <testcase classname="com.quantum.Homepage" name="TestHeaderNavigationLinks" time="0.0">
    <ignored/>
  </testcase> <!-- TestHeaderNavigationLinks -->
  <testcase classname="com.quantum.Homepage" name="CheckforPageTitle" time="0.0">
    <ignored/>
  </testcase> <!-- CheckforPageTitle -->
  <testcase classname="com.quantum.Homepage" name="TestFooterNavigationLinks" time="0.0">
    <ignored/>
  </testcase> <!-- TestFooterNavigationLinks -->
  <testcase classname="com.quantum.Homepage" name="VerifyLogoPresence" time="0.0">
    <ignored/>
  </testcase> <!-- VerifyLogoPresence -->
</testsuite> <!-- Default test -->
