<?xml version="1.0" encoding="UTF-8"?>
<testng-results ignored="0" total="1" passed="1" failed="0" skipped="0">
  <reporter-output>
  </reporter-output>
  <suite started-at="2024-08-23T13:13:17 IST" name="Default suite" finished-at="2024-08-23T13:13:46 IST" duration-ms="28494">
    <groups>
    </groups>
    <test started-at="2024-08-23T13:13:17 IST" name="Default test" finished-at="2024-08-23T13:13:46 IST" duration-ms="28494">
      <class name="com.quantum.Homepage">
        <test-method is-config="true" signature="setUp()[pri:0, instance:com.quantum.Homepage@29a60c27]" started-at="2024-08-23T13:13:17 IST" name="setUp" finished-at="2024-08-23T13:13:29 IST" duration-ms="11615" status="PASS">
          <reporter-output>
          </reporter-output>
        </test-method> <!-- setUp -->
        <test-method signature="VerifyHomepageLoadsSuccessfully()[pri:2, instance:com.quantum.Homepage@29a60c27]" started-at="2024-08-23T13:13:29 IST" name="VerifyHomepageLoadsSuccessfully" finished-at="2024-08-23T13:13:46 IST" duration-ms="16648" status="PASS">
          <reporter-output>
          </reporter-output>
        </test-method> <!-- VerifyHomepageLoadsSuccessfully -->
        <test-method is-config="true" signature="teardown()[pri:0, instance:com.quantum.Homepage@29a60c27]" started-at="2024-08-23T13:13:46 IST" name="teardown" finished-at="2024-08-23T13:13:46 IST" duration-ms="274" status="PASS">
          <reporter-output>
          </reporter-output>
        </test-method> <!-- teardown -->
      </class> <!-- com.quantum.Homepage -->
    </test> <!-- Default test -->
  </suite> <!-- Default suite -->
</testng-results>
