<?xml version="1.0" encoding="UTF-8"?>
<testng-results ignored="0" total="1" passed="1" failed="0" skipped="0">
  <reporter-output>
  </reporter-output>
  <suite started-at="2024-04-03T19:45:13 IST" name="Default suite" finished-at="2024-04-03T19:45:42 IST" duration-ms="28646">
    <groups>
    </groups>
    <test started-at="2024-04-03T19:45:13 IST" name="Default test" finished-at="2024-04-03T19:45:42 IST" duration-ms="28646">
      <class name="com.quantum.Homepage">
        <test-method is-config="true" signature="setUp()[pri:0, instance:com.quantum.Homepage@29cfd92b]" started-at="2024-04-03T19:44:40 IST" name="setUp" finished-at="2024-04-03T19:45:13 IST" duration-ms="33241" status="PASS">
          <reporter-output>
          </reporter-output>
        </test-method> <!-- setUp -->
        <test-method signature="CheckforContactInformation()[pri:9, instance:com.quantum.Homepage@29cfd92b]" started-at="2024-04-03T19:45:14 IST" name="CheckforContactInformation" finished-at="2024-04-03T19:45:42 IST" duration-ms="28555" status="PASS">
          <reporter-output>
          </reporter-output>
        </test-method> <!-- CheckforContactInformation -->
        <test-method is-config="true" signature="teardown()[pri:0, instance:com.quantum.Homepage@29cfd92b]" started-at="2024-04-03T19:45:42 IST" name="teardown" finished-at="2024-04-03T19:45:43 IST" duration-ms="479" status="PASS">
          <reporter-output>
          </reporter-output>
        </test-method> <!-- teardown -->
      </class> <!-- com.quantum.Homepage -->
    </test> <!-- Default test -->
  </suite> <!-- Default suite -->
</testng-results>
